\BOOKMARK [1][]{section.1}{Vorwort: Zu diesem Dokument}{}
\BOOKMARK [1][]{section.2}{Dokumentationen und Pakete}{}
\BOOKMARK [2][]{subsection.2.1}{epslatex.pdf}{section.2}
\BOOKMARK [1][]{section.3}{Bilder einf\374gen in LaTeX}{}
\BOOKMARK [2][]{subsection.3.1}{Bildformate}{section.3}
\BOOKMARK [3][]{subsubsection.3.1.1}{kompilieren mittels latex}{subsection.3.1}
\BOOKMARK [3][]{subsubsection.3.1.2}{kompilieren mittels pdflatex}{subsection.3.1}
\BOOKMARK [3][]{subsubsection.3.1.3}{sowohl mit latex als auch mit pdflatex kompilieren}{subsection.3.1}
\BOOKMARK [3][]{subsubsection.3.1.4}{Bilder in Unterordnern}{subsection.3.1}
\BOOKMARK [3][]{subsubsection.3.1.5}{Bounding--Box Probleme}{subsection.3.1}
\BOOKMARK [3][]{subsubsection.3.1.6}{eps--Bilder werden falsch skaliert}{subsection.3.1}
\BOOKMARK [3][]{subsubsection.3.1.7}{dvi--Viewer zeigt Bilder nicht korrekt an!}{subsection.3.1}
\BOOKMARK [3][]{subsubsection.3.1.8}{pdf erstellen mit enthaltenem ps--Code}{subsection.3.1}
\BOOKMARK [2][]{subsection.3.2}{Konvertierungstools}{section.3}
\BOOKMARK [3][]{subsubsection.3.2.1}{pdf --> ps / eps}{subsection.3.2}
\BOOKMARK [3][]{subsubsection.3.2.2}{ps --> pdf}{subsection.3.2}
\BOOKMARK [3][]{subsubsection.3.2.3}{eps --> pdf}{subsection.3.2}
\BOOKMARK [3][]{subsubsection.3.2.4}{jpg --> ps / eps}{subsection.3.2}
\BOOKMARK [3][]{subsubsection.3.2.5}{ps --> eps}{subsection.3.2}
\BOOKMARK [3][]{subsubsection.3.2.6}{beliebig --> ps}{subsection.3.2}
\BOOKMARK [3][]{subsubsection.3.2.7}{Multitalente}{subsection.3.2}
\BOOKMARK [3][]{subsubsection.3.2.8}{Probleme mit eps--Dateien}{subsection.3.2}
\BOOKMARK [2][]{subsection.3.3}{Bilder manipulieren}{section.3}
\BOOKMARK [3][]{subsubsection.3.3.1}{Bilder skalieren}{subsection.3.3}
\BOOKMARK [3][]{subsubsection.3.3.2}{Bilder drehen}{subsection.3.3}
\BOOKMARK [3][]{subsubsection.3.3.3}{gemischte Kommandos}{subsection.3.3}
\BOOKMARK [2][]{subsection.3.4}{Bilderumgebungen}{section.3}
\BOOKMARK [3][]{subsubsection.3.4.1}{Bild an aktueller Stelle einf\374gen}{subsection.3.4}
\BOOKMARK [3][]{subsubsection.3.4.2}{Bilder gleiten lassen}{subsection.3.4}
\BOOKMARK [3][]{subsubsection.3.4.3}{textumflossene Bilder}{subsection.3.4}
\BOOKMARK [2][]{subsection.3.5}{Spezielles}{section.3}
\BOOKMARK [3][]{subsubsection.3.5.1}{Rahmen}{subsection.3.5}
\BOOKMARK [3][]{subsubsection.3.5.2}{kurze Bildunterschriften im Abbildungsverzeichnis}{subsection.3.5}
\BOOKMARK [3][]{subsubsection.3.5.3}{Verweise auf Bilder}{subsection.3.5}
\BOOKMARK [3][]{subsubsection.3.5.4}{Klicklinks im pdf}{subsection.3.5}
\BOOKMARK [3][]{subsubsection.3.5.5}{Bilder neben Text: Minipages}{subsection.3.5}
\BOOKMARK [3][]{subsubsection.3.5.6}{zwei Bilder nebeneinander}{subsection.3.5}
\BOOKMARK [3][]{subsubsection.3.5.7}{mit LaTeX \040Zeichnungen erstellen}{subsection.3.5}
\BOOKMARK [3][]{subsubsection.3.5.8}{Hintergrundbilder}{subsection.3.5}
\BOOKMARK [3][]{subsubsection.3.5.9}{Grafiken beschriften}{subsection.3.5}
\BOOKMARK [3][]{subsubsection.3.5.10}{transparente Grafiken}{subsection.3.5}
\BOOKMARK [3][]{subsubsection.3.5.11}{<<Abbildung>> umbenennen}{subsection.3.5}
\BOOKMARK [3][]{subsubsection.3.5.12}{<<Abbildungsverzeichnis>> umbenennen}{subsection.3.5}
\BOOKMARK [1][]{section.4}{GNU Free Documentation License}{}
\BOOKMARK [1][]{section.5}{History}{}
